<?xml version="1.0" encoding="UTF-8"?>
<testsuite xmlns:xsi="http://www.w3.org/2001/XMLSchema-instance" xsi:noNamespaceSchemaLocation="https://maven.apache.org/surefire/maven-surefire-plugin/xsd/surefire-test-report-3.0.xsd" version="3.0" name="com.projects.expenseTracker.ExpenseTrackerApplicationTests" time="6.126" tests="1" errors="0" skipped="0" failures="0">
  <properties>
[...]
</properties>
  <testcase name="contextLoads" classname="com.projects.expenseTracker.ExpenseTrackerApplicationTests" time="1.211">
    <system-out><![CDATA[12:19:32.417 [main] DEBUG org.springframework.boot.test.context.SpringBootTestContextBootstrapper -- Neither @ContextConfiguration nor @ContextHierarchy found for test class [ExpenseTrackerApplicationTests]: using SpringBootContextLoader
12:19:32.427 [main] DEBUG org.springframework.test.context.support.AbstractContextLoader -- Could not detect default resource locations for test class [com.projects.expenseTracker.ExpenseTrackerApplicationTests]: no resource found for suffixes {-context.xml, Context.groovy}.
12:19:32.427 [main] INFO org.springframework.test.context.support.AnnotationConfigContextLoaderUtils -- Could not detect default configuration classes for test class [com.projects.expenseTracker.ExpenseTrackerApplicationTests]: ExpenseTrackerApplicationTests does not declare any static, non-private, non-final, nested classes annotated with @Configuration.
12:19:32.460 [main] DEBUG org.springframework.boot.test.context.SpringBootTestContextBootstrapper -- Using ContextCustomizers for test class [ExpenseTrackerApplicationTests]: [ExcludeFilterContextCustomizer, DuplicateJsonObjectContextCustomizer, MockitoContextCustomizer, TestRestTemplateContextCustomizer, DisableObservabilityContextCustomizer, PropertyMappingContextCustomizer, Customizer]
12:19:32.576 [main] DEBUG org.springframework.context.annotation.ClassPathScanningCandidateComponentProvider -- Identified candidate component class: file [D:\Projects\MERN\Expense_Tracker\expenseTracker\target\classes\com\projects\expenseTracker\ExpenseTrackerApplication.class]
12:19:32.576 [main] INFO org.springframework.boot.test.context.SpringBootTestContextBootstrapper -- Found @SpringBootConfiguration com.projects.expenseTracker.ExpenseTrackerApplication for test class com.projects.expenseTracker.ExpenseTrackerApplicationTests
12:19:32.737 [main] DEBUG org.springframework.boot.test.context.SpringBootTestContextBootstrapper -- Using TestExecutionListeners for test class [ExpenseTrackerApplicationTests]: [ServletTestExecutionListener, DirtiesContextBeforeModesTestExecutionListener, ApplicationEventsTestExecutionListener, MockitoTestExecutionListener, DependencyInjectionTestExecutionListener, DirtiesContextTestExecutionListener, TransactionalTestExecutionListener, SqlScriptsTestExecutionListener, EventPublishingTestExecutionListener, ResetMocksTestExecutionListener, RestDocsTestExecutionListener, MockRestServiceServerResetTestExecutionListener, MockMvcPrintOnlyOnFailureTestExecutionListener, WebDriverTestExecutionListener, MockWebServiceServerTestExecutionListener]
12:19:32.739 [main] DEBUG org.springframework.test.context.support.AbstractDirtiesContextTestExecutionListener -- Before test class: class [ExpenseTrackerApplicationTests], class annotated with @DirtiesContext [false] with mode [null]

  .   ____          _            __ _ _
 /\\ / ___'_ __ _ _(_)_ __  __ _ \ \ \ \
( ( )\___ | '_ | '_| | '_ \/ _` | \ \ \ \
 \\/  ___)| |_)| | | | | || (_| |  ) ) ) )
  '  |____| .__|_| |_|_| |_\__, | / / / /
 =========|_|==============|___/=/_/_/_/
 :: Spring Boot ::       (v3.1.0-SNAPSHOT)

2023-04-22T12:19:33.410+05:30  INFO 29372 --- [           main] c.p.e.ExpenseTrackerApplicationTests     : Starting ExpenseTrackerApplicationTests using Java 20 with PID 29372 (started by dubey in D:\Projects\MERN\Expense_Tracker\expenseTracker)
2023-04-22T12:19:33.413+05:30  INFO 29372 --- [           main] c.p.e.ExpenseTrackerApplicationTests     : No active profile set, falling back to 1 default profile: "default"
2023-04-22T12:19:34.053+05:30  INFO 29372 --- [           main] .s.d.r.c.RepositoryConfigurationDelegate : Bootstrapping Spring Data MongoDB repositories in DEFAULT mode.
2023-04-22T12:19:34.135+05:30  INFO 29372 --- [           main] .s.d.r.c.RepositoryConfigurationDelegate : Finished Spring Data repository scanning in 76 ms. Found 2 MongoDB repository interfaces.
2023-04-22T12:19:35.336+05:30  INFO 29372 --- [wh5.mongodb.net] org.mongodb.driver.cluster               : Adding discovered server ac-rtkyzbz-shard-00-02.ddfuwh5.mongodb.net:27017 to client view of cluster
2023-04-22T12:19:35.345+05:30  INFO 29372 --- [           main] org.mongodb.driver.client                : MongoClient with metadata {"driver": {"name": "mongo-java-driver|sync|spring-boot", "version": "4.9.1"}, "os": {"type": "Windows", "name": "Windows 11", "architecture": "amd64", "version": "10.0"}, "platform": "Java/Oracle Corporation/20+36-2344"} created with settings MongoClientSettings{readPreference=primary, writeConcern=WriteConcern{w=majority, wTimeout=null ms, journal=null}, retryWrites=true, retryReads=true, readConcern=ReadConcern{level=null}, credential=MongoCredential{mechanism=null, userName='dubeykeshav98', source='admin', password=<hidden>, mechanismProperties=<hidden>}, streamFactoryFactory=null, commandListeners=[], codecRegistry=ProvidersCodecRegistry{codecProviders=[ValueCodecProvider{}, BsonValueCodecProvider{}, DBRefCodecProvider{}, DBObjectCodecProvider{}, DocumentCodecProvider{}, CollectionCodecProvider{}, IterableCodecProvider{}, MapCodecProvider{}, GeoJsonCodecProvider{}, GridFSFileCodecProvider{}, Jsr310CodecProvider{}, JsonObjectCodecProvider{}, BsonCodecProvider{}, EnumCodecProvider{}, com.mongodb.client.model.mql.ExpressionCodecProvider@7df28f1, com.mongodb.Jep395RecordCodecProvider@4087c7fc]}, loggerSettings=LoggerSettings{maxDocumentLength=1000}, clusterSettings={hosts=[127.0.0.1:27017], srvHost=cluster0.ddfuwh5.mongodb.net, srvServiceName=mongodb, mode=MULTIPLE, requiredClusterType=REPLICA_SET, requiredReplicaSetName='atlas-nbz63p-shard-0', serverSelector='null', clusterListeners='[]', serverSelectionTimeout='30000 ms', localThreshold='30000 ms'}, socketSettings=SocketSettings{connectTimeoutMS=10000, readTimeoutMS=0, receiveBufferSize=0, sendBufferSize=0}, heartbeatSocketSettings=SocketSettings{connectTimeoutMS=10000, readTimeoutMS=10000, receiveBufferSize=0, sendBufferSize=0}, connectionPoolSettings=ConnectionPoolSettings{maxSize=100, minSize=0, maxWaitTimeMS=120000, maxConnectionLifeTimeMS=0, maxConnectionIdleTimeMS=0, maintenanceInitialDelayMS=0, maintenanceFrequencyMS=60000, connectionPoolListeners=[], maxConnecting=2}, serverSettings=ServerSettings{heartbeatFrequencyMS=10000, minHeartbeatFrequencyMS=500, serverListeners='[]', serverMonitorListeners='[]'}, sslSettings=SslSettings{enabled=true, invalidHostNameAllowed=false, context=null}, applicationName='null', compressorList=[], uuidRepresentation=JAVA_LEGACY, serverApi=null, autoEncryptionSettings=null, contextProvider=null}
2023-04-22T12:19:35.371+05:30  INFO 29372 --- [wh5.mongodb.net] org.mongodb.driver.cluster               : Adding discovered server ac-rtkyzbz-shard-00-01.ddfuwh5.mongodb.net:27017 to client view of cluster
2023-04-22T12:19:35.373+05:30  INFO 29372 --- [wh5.mongodb.net] org.mongodb.driver.cluster               : Adding discovered server ac-rtkyzbz-shard-00-00.ddfuwh5.mongodb.net:27017 to client view of cluster
2023-04-22T12:19:36.597+05:30  INFO 29372 --- [ngodb.net:27017] org.mongodb.driver.cluster               : Monitor thread successfully connected to server with description ServerDescription{address=ac-rtkyzbz-shard-00-01.ddfuwh5.mongodb.net:27017, type=REPLICA_SET_SECONDARY, state=CONNECTED, ok=true, minWireVersion=0, maxWireVersion=17, maxDocumentSize=16777216, logicalSessionTimeoutMinutes=30, roundTripTimeNanos=670657100, setName='atlas-nbz63p-shard-0', canonicalAddress=ac-rtkyzbz-shard-00-01.ddfuwh5.mongodb.net:27017, hosts=[ac-rtkyzbz-shard-00-00.ddfuwh5.mongodb.net:27017, ac-rtkyzbz-shard-00-01.ddfuwh5.mongodb.net:27017, ac-rtkyzbz-shard-00-02.ddfuwh5.mongodb.net:27017], passives=[], arbiters=[], primary='ac-rtkyzbz-shard-00-02.ddfuwh5.mongodb.net:27017', tagSet=TagSet{[Tag{name='nodeType', value='ELECTABLE'}, Tag{name='provider', value='AWS'}, Tag{name='region', value='AP_SOUTH_1'}, Tag{name='workloadType', value='OPERATIONAL'}]}, electionId=null, setVersion=4, topologyVersion=TopologyVersion{processId=643d03a666e02ade52743969, counter=3}, lastWriteDate=Sat Apr 22 12:19:36 IST 2023, lastUpdateTimeNanos=357156125429900}
2023-04-22T12:19:36.597+05:30  INFO 29372 --- [ngodb.net:27017] org.mongodb.driver.cluster               : Monitor thread successfully connected to server with description ServerDescription{address=ac-rtkyzbz-shard-00-02.ddfuwh5.mongodb.net:27017, type=REPLICA_SET_PRIMARY, state=CONNECTED, ok=true, minWireVersion=0, maxWireVersion=17, maxDocumentSize=16777216, logicalSessionTimeoutMinutes=30, roundTripTimeNanos=670378400, setName='atlas-nbz63p-shard-0', canonicalAddress=ac-rtkyzbz-shard-00-02.ddfuwh5.mongodb.net:27017, hosts=[ac-rtkyzbz-shard-00-00.ddfuwh5.mongodb.net:27017, ac-rtkyzbz-shard-00-01.ddfuwh5.mongodb.net:27017, ac-rtkyzbz-shard-00-02.ddfuwh5.mongodb.net:27017], passives=[], arbiters=[], primary='ac-rtkyzbz-shard-00-02.ddfuwh5.mongodb.net:27017', tagSet=TagSet{[Tag{name='nodeType', value='ELECTABLE'}, Tag{name='provider', value='AWS'}, Tag{name='region', value='AP_SOUTH_1'}, Tag{name='workloadType', value='OPERATIONAL'}]}, electionId=7fffffff0000000000000122, setVersion=4, topologyVersion=TopologyVersion{processId=643d02b1aaae734d6517272e, counter=6}, lastWriteDate=Sat Apr 22 12:19:36 IST 2023, lastUpdateTimeNanos=357156125124200}
2023-04-22T12:19:36.597+05:30  INFO 29372 --- [ngodb.net:27017] org.mongodb.driver.cluster               : Monitor thread successfully connected to server with description ServerDescription{address=ac-rtkyzbz-shard-00-00.ddfuwh5.mongodb.net:27017, type=REPLICA_SET_SECONDARY, state=CONNECTED, ok=true, minWireVersion=0, maxWireVersion=17, maxDocumentSize=16777216, logicalSessionTimeoutMinutes=30, roundTripTimeNanos=670379300, setName='atlas-nbz63p-shard-0', canonicalAddress=ac-rtkyzbz-shard-00-00.ddfuwh5.mongodb.net:27017, hosts=[ac-rtkyzbz-shard-00-00.ddfuwh5.mongodb.net:27017, ac-rtkyzbz-shard-00-01.ddfuwh5.mongodb.net:27017, ac-rtkyzbz-shard-00-02.ddfuwh5.mongodb.net:27017], passives=[], arbiters=[], primary='ac-rtkyzbz-shard-00-02.ddfuwh5.mongodb.net:27017', tagSet=TagSet{[Tag{name='nodeType', value='ELECTABLE'}, Tag{name='provider', value='AWS'}, Tag{name='region', value='AP_SOUTH_1'}, Tag{name='workloadType', value='OPERATIONAL'}]}, electionId=null, setVersion=4, topologyVersion=TopologyVersion{processId=643d019c8b5f9c98e3bfb65a, counter=4}, lastWriteDate=Sat Apr 22 12:19:36 IST 2023, lastUpdateTimeNanos=357156125124200}
2023-04-22T12:19:36.597+05:30  INFO 29372 --- [ngodb.net:27017] org.mongodb.driver.cluster               : Discovered replica set primary ac-rtkyzbz-shard-00-02.ddfuwh5.mongodb.net:27017 with max election id 7fffffff0000000000000122 and max set version 4
2023-04-22T12:19:37.020+05:30  INFO 29372 --- [           main] c.p.e.ExpenseTrackerApplicationTests     : Started ExpenseTrackerApplicationTests in 4.213 seconds (process running for 5.879)
]]></system-out>
  </testcase>
</testsuite>